0 info it worked if it ends with ok
1 verbose cli [ 'E:\\nodejs\\\\node.exe',
1 verbose cli   'E:\\nodejs\\node_modules\\npm\\bin\\npm-cli.js',
1 verbose cli   'version',
1 verbose cli   'minor' ]
2 info using npm@1.4.28
3 info using node@v0.10.32
4 verbose node symlink E:\nodejs\\node.exe
5 error Error: Git working directory not clean.
5 error M README.md
5 error     at E:\nodejs\node_modules\npm\lib\version.js:91:33
5 error     at ChildProcess.exithandler (child_process.js:646:7)
5 error     at ChildProcess.emit (events.js:98:17)
5 error     at maybeClose (child_process.js:756:16)
5 error     at Socket.<anonymous> (child_process.js:969:11)
5 error     at Socket.emit (events.js:95:17)
5 error     at Pipe.close (net.js:465:12)
6 error If you need help, you may report this *entire* log,
6 error including the npm and node versions, at:
6 error     <http://github.com/npm/npm/issues>
7 error System Windows_NT 6.1.7601
8 error command "E:\\nodejs\\\\node.exe" "E:\\nodejs\\node_modules\\npm\\bin\\npm-cli.js" "version" "minor"
9 error cwd E:\githubPortfolio\minecraft-server-container
10 error node -v v0.10.32
11 error npm -v 1.4.28
12 verbose exit [ 1, true ]
